<?xml version="1.0" encoding="UTF-8"?>
<!-- Generated by org.testng.reporters.JUnitReportReporter -->
<testsuite hostname="Anwayas-MacBook-Pro.local" failures="0" tests="1" name="testCases.LoginUser" time="4.018" errors="0" timestamp="2023-06-01T12:13:10 IST" skipped="0">
  <testcase classname="testCases.LoginUser" name="loginusr" time="4.018"/>
  <system-out/>
</testsuite> <!-- testCases.LoginUser -->
